2020-06-30 06:40:00 ::1 User=guest@localhost Script=/Users/etchouamou/GitHub/camaroes/get_data/guest/get_login.php Line=357 : Good login, User [admin] found
2020-06-30 06:40:00 ::1 User=admin@localhost Script=/Users/etchouamou/GitHub/camaroes/system/load_user_data.php  Line=472 : User [admin@localhost ] find and Authorized, New Session id=91377b619c489155d9c2207e262817f6
2020-06-30 06:40:00 ::1 User=admin@localhost Script=/Users/etchouamou/GitHub/camaroes/system/load_user_data.php  Line=473 :  connect succefull ! Group=admin
2020-06-30 07:09:46 ::1 User=guest@localhost Script=/Users/etchouamou/GitHub/camaroes/get_data/guest/get_login.php Line=357 : Good login, User [admin] found
2020-06-30 07:09:46 ::1 User=admin@localhost Script=/Users/etchouamou/GitHub/camaroes/system/load_user_data.php  Line=472 : User [admin@localhost ] find and Authorized, New Session id=91377b619c489155d9c2207e262817f6
2020-06-30 07:09:46 ::1 User=admin@localhost Script=/Users/etchouamou/GitHub/camaroes/system/load_user_data.php  Line=473 :  connect succefull ! Group=admin
2020-06-30 07:09:54 ::1 User=guest@localhost Script=/Users/etchouamou/GitHub/camaroes/get_data/guest/get_login.php Line=357 : Good login, User [admin] found
2020-06-30 07:09:54 ::1 User=admin@localhost Script=/Users/etchouamou/GitHub/camaroes/system/load_user_data.php  Line=472 : User [admin@localhost ] find and Authorized, New Session id=91377b619c489155d9c2207e262817f6
2020-06-30 07:09:54 ::1 User=admin@localhost Script=/Users/etchouamou/GitHub/camaroes/system/load_user_data.php  Line=473 :  connect succefull ! Group=admin
2020-06-30 07:11:10 ::1 User=guest@localhost Script=/Users/etchouamou/GitHub/camaroes/login.php Line=200 : Nomal form authentification 
2020-06-30 07:11:11 ::1 User=guest@localhost Script=/Users/etchouamou/GitHub/camaroes/get_data/guest/get_login.php Line=357 : Good login, User [admin] found
2020-06-30 07:11:11 ::1 User=admin@localhost Script=/Users/etchouamou/GitHub/camaroes/system/load_user_data.php  Line=472 : User [admin@localhost ] find and Authorized, New Session id=91377b619c489155d9c2207e262817f6
2020-06-30 07:11:11 ::1 User=admin@localhost Script=/Users/etchouamou/GitHub/camaroes/system/load_user_data.php  Line=473 :  connect succefull ! Group=admin
2020-06-30 07:11:18 ::1 User=guest@localhost Script=/Users/etchouamou/GitHub/camaroes/get_data/guest/get_login.php Line=357 : Good login, User [admin] found
2020-06-30 07:11:18 ::1 User=admin@localhost Script=/Users/etchouamou/GitHub/camaroes/system/load_user_data.php  Line=472 : User [admin@localhost ] find and Authorized, New Session id=91377b619c489155d9c2207e262817f6
2020-06-30 07:11:18 ::1 User=admin@localhost Script=/Users/etchouamou/GitHub/camaroes/system/load_user_data.php  Line=473 :  connect succefull ! Group=admin
2020-06-30 07:11:20 ::1 User=guest@localhost Script=/Users/etchouamou/GitHub/camaroes/get_data/guest/get_login.php Line=357 : Good login, User [admin] found
2020-06-30 07:11:20 ::1 User=admin@localhost Script=/Users/etchouamou/GitHub/camaroes/system/load_user_data.php  Line=472 : User [admin@localhost ] find and Authorized, New Session id=91377b619c489155d9c2207e262817f6
2020-06-30 07:11:20 ::1 User=admin@localhost Script=/Users/etchouamou/GitHub/camaroes/system/load_user_data.php  Line=473 :  connect succefull ! Group=admin
2020-06-30 07:11:23 ::1 User=guest@localhost Script=/Users/etchouamou/GitHub/camaroes/get_data/guest/get_login.php Line=357 : Good login, User [admin] found
2020-06-30 07:11:23 ::1 User=admin@localhost Script=/Users/etchouamou/GitHub/camaroes/system/load_user_data.php  Line=472 : User [admin@localhost ] find and Authorized, New Session id=91377b619c489155d9c2207e262817f6
2020-06-30 07:11:23 ::1 User=admin@localhost Script=/Users/etchouamou/GitHub/camaroes/system/load_user_data.php  Line=473 :  connect succefull ! Group=admin
2020-06-30 07:11:36 ::1 User=guest@localhost Script=/Users/etchouamou/GitHub/camaroes/get_data/guest/get_login.php Line=357 : Good login, User [admin] found
2020-06-30 07:11:36 ::1 User=admin@localhost Script=/Users/etchouamou/GitHub/camaroes/system/load_user_data.php  Line=472 : User [admin@localhost ] find and Authorized, New Session id=91377b619c489155d9c2207e262817f6
2020-06-30 07:11:36 ::1 User=admin@localhost Script=/Users/etchouamou/GitHub/camaroes/system/load_user_data.php  Line=473 :  connect succefull ! Group=admin
2020-06-30 07:11:42 ::1 User=guest@localhost Script=/Users/etchouamou/GitHub/camaroes/get_data/guest/get_login.php Line=357 : Good login, User [admin] found
2020-06-30 07:11:42 ::1 User=admin@localhost Script=/Users/etchouamou/GitHub/camaroes/system/load_user_data.php  Line=472 : User [admin@localhost ] find and Authorized, New Session id=91377b619c489155d9c2207e262817f6
2020-06-30 07:11:42 ::1 User=admin@localhost Script=/Users/etchouamou/GitHub/camaroes/system/load_user_data.php  Line=473 :  connect succefull ! Group=admin
2020-06-30 07:12:13 ::1 User=guest@localhost Script=/Users/etchouamou/GitHub/camaroes/get_data/guest/get_login.php Line=357 : Good login, User [admin] found
2020-06-30 07:12:13 ::1 User=admin@localhost Script=/Users/etchouamou/GitHub/camaroes/system/load_user_data.php  Line=472 : User [admin@localhost ] find and Authorized, New Session id=91377b619c489155d9c2207e262817f6
2020-06-30 07:12:13 ::1 User=admin@localhost Script=/Users/etchouamou/GitHub/camaroes/system/load_user_data.php  Line=473 :  connect succefull ! Group=admin
2020-06-30 07:12:31 ::1 User=guest@localhost Script=/Users/etchouamou/GitHub/camaroes/get_data/guest/get_login.php Line=357 : Good login, User [admin] found
2020-06-30 07:12:31 ::1 User=admin@localhost Script=/Users/etchouamou/GitHub/camaroes/system/load_user_data.php  Line=472 : User [admin@localhost ] find and Authorized, New Session id=91377b619c489155d9c2207e262817f6
2020-06-30 07:12:31 ::1 User=admin@localhost Script=/Users/etchouamou/GitHub/camaroes/system/load_user_data.php  Line=473 :  connect succefull ! Group=admin
2020-06-30 07:13:08 ::1 User=guest@localhost Script=/Users/etchouamou/GitHub/camaroes/get_data/guest/get_login.php Line=357 : Good login, User [admin] found
2020-06-30 07:13:08 ::1 User=admin@localhost Script=/Users/etchouamou/GitHub/camaroes/system/load_user_data.php  Line=472 : User [admin@localhost ] find and Authorized, New Session id=91377b619c489155d9c2207e262817f6
2020-06-30 07:13:08 ::1 User=admin@localhost Script=/Users/etchouamou/GitHub/camaroes/system/load_user_data.php  Line=473 :  connect succefull ! Group=admin
2020-06-30 07:13:40 ::1 User=guest@localhost Script=/Users/etchouamou/GitHub/camaroes/get_data/guest/get_login.php Line=357 : Good login, User [admin] found
2020-06-30 07:13:40 ::1 User=admin@localhost Script=/Users/etchouamou/GitHub/camaroes/system/load_user_data.php  Line=472 : User [admin@localhost ] find and Authorized, New Session id=91377b619c489155d9c2207e262817f6
2020-06-30 07:13:40 ::1 User=admin@localhost Script=/Users/etchouamou/GitHub/camaroes/system/load_user_data.php  Line=473 :  connect succefull ! Group=admin
2020-06-30 07:13:59 ::1 User=guest@localhost Script=/Users/etchouamou/GitHub/camaroes/get_data/guest/get_login.php Line=357 : Good login, User [admin] found
2020-06-30 07:13:59 ::1 User=admin@localhost Script=/Users/etchouamou/GitHub/camaroes/system/load_user_data.php  Line=472 : User [admin@localhost ] find and Authorized, New Session id=91377b619c489155d9c2207e262817f6
2020-06-30 07:13:59 ::1 User=admin@localhost Script=/Users/etchouamou/GitHub/camaroes/system/load_user_data.php  Line=473 :  connect succefull ! Group=admin
2020-06-30 07:14:24 ::1 User=guest@localhost Script=/Users/etchouamou/GitHub/camaroes/get_data/guest/get_login.php Line=357 : Good login, User [admin] found
2020-06-30 07:14:24 ::1 User=admin@localhost Script=/Users/etchouamou/GitHub/camaroes/system/load_user_data.php  Line=472 : User [admin@localhost ] find and Authorized, New Session id=91377b619c489155d9c2207e262817f6
2020-06-30 07:14:24 ::1 User=admin@localhost Script=/Users/etchouamou/GitHub/camaroes/system/load_user_data.php  Line=473 :  connect succefull ! Group=admin
2020-06-30 07:14:35 ::1 User=guest@localhost Script=/Users/etchouamou/GitHub/camaroes/get_data/guest/get_login.php Line=357 : Good login, User [admin] found
2020-06-30 07:14:35 ::1 User=admin@localhost Script=/Users/etchouamou/GitHub/camaroes/system/load_user_data.php  Line=472 : User [admin@localhost ] find and Authorized, New Session id=91377b619c489155d9c2207e262817f6
2020-06-30 07:14:35 ::1 User=admin@localhost Script=/Users/etchouamou/GitHub/camaroes/system/load_user_data.php  Line=473 :  connect succefull ! Group=admin
2020-06-30 07:14:43 ::1 User=guest@localhost Script=/Users/etchouamou/GitHub/camaroes/get_data/guest/get_login.php Line=357 : Good login, User [admin] found
2020-06-30 07:14:43 ::1 User=admin@localhost Script=/Users/etchouamou/GitHub/camaroes/system/load_user_data.php  Line=472 : User [admin@localhost ] find and Authorized, New Session id=91377b619c489155d9c2207e262817f6
2020-06-30 07:14:43 ::1 User=admin@localhost Script=/Users/etchouamou/GitHub/camaroes/system/load_user_data.php  Line=473 :  connect succefull ! Group=admin
2020-06-30 07:14:50 ::1 User=guest@localhost Script=/Users/etchouamou/GitHub/camaroes/get_data/guest/get_login.php Line=357 : Good login, User [admin] found
2020-06-30 07:14:50 ::1 User=admin@localhost Script=/Users/etchouamou/GitHub/camaroes/system/load_user_data.php  Line=472 : User [admin@localhost ] find and Authorized, New Session id=91377b619c489155d9c2207e262817f6
2020-06-30 07:14:50 ::1 User=admin@localhost Script=/Users/etchouamou/GitHub/camaroes/system/load_user_data.php  Line=473 :  connect succefull ! Group=admin
2020-06-30 07:14:55 ::1 User=guest@localhost Script=/Users/etchouamou/GitHub/camaroes/get_data/guest/get_login.php Line=357 : Good login, User [admin] found
2020-06-30 07:14:55 ::1 User=admin@localhost Script=/Users/etchouamou/GitHub/camaroes/system/load_user_data.php  Line=472 : User [admin@localhost ] find and Authorized, New Session id=91377b619c489155d9c2207e262817f6
2020-06-30 07:14:55 ::1 User=admin@localhost Script=/Users/etchouamou/GitHub/camaroes/system/load_user_data.php  Line=473 :  connect succefull ! Group=admin
2020-06-30 07:15:06 ::1 User=guest@localhost Script=/Users/etchouamou/GitHub/camaroes/get_data/guest/get_login.php Line=357 : Good login, User [admin] found
2020-06-30 07:15:06 ::1 User=admin@localhost Script=/Users/etchouamou/GitHub/camaroes/system/load_user_data.php  Line=472 : User [admin@localhost ] find and Authorized, New Session id=91377b619c489155d9c2207e262817f6
2020-06-30 07:15:06 ::1 User=admin@localhost Script=/Users/etchouamou/GitHub/camaroes/system/load_user_data.php  Line=473 :  connect succefull ! Group=admin
2020-06-30 07:15:15 ::1 User=guest@localhost Script=/Users/etchouamou/GitHub/camaroes/get_data/guest/get_login.php Line=357 : Good login, User [admin] found
2020-06-30 07:15:15 ::1 User=admin@localhost Script=/Users/etchouamou/GitHub/camaroes/system/load_user_data.php  Line=472 : User [admin@localhost ] find and Authorized, New Session id=91377b619c489155d9c2207e262817f6
2020-06-30 07:15:15 ::1 User=admin@localhost Script=/Users/etchouamou/GitHub/camaroes/system/load_user_data.php  Line=473 :  connect succefull ! Group=admin
2020-06-30 07:15:18 ::1 User=guest@localhost Script=/Users/etchouamou/GitHub/camaroes/get_data/guest/get_login.php Line=357 : Good login, User [admin] found
2020-06-30 07:15:18 ::1 User=admin@localhost Script=/Users/etchouamou/GitHub/camaroes/system/load_user_data.php  Line=472 : User [admin@localhost ] find and Authorized, New Session id=91377b619c489155d9c2207e262817f6
2020-06-30 07:15:18 ::1 User=admin@localhost Script=/Users/etchouamou/GitHub/camaroes/system/load_user_data.php  Line=473 :  connect succefull ! Group=admin
2020-06-30 07:45:19 ::1 User=guest@localhost Script=/Users/etchouamou/GitHub/camaroes/get_data/guest/get_login.php Line=357 : Good login, User [admin] found
2020-06-30 07:45:19 ::1 User=admin@localhost Script=/Users/etchouamou/GitHub/camaroes/system/load_user_data.php  Line=472 : User [admin@localhost ] find and Authorized, New Session id=91377b619c489155d9c2207e262817f6
2020-06-30 07:45:19 ::1 User=admin@localhost Script=/Users/etchouamou/GitHub/camaroes/system/load_user_data.php  Line=473 :  connect succefull ! Group=admin
2020-06-30 08:15:19 ::1 User=guest@localhost Script=/Users/etchouamou/GitHub/camaroes/get_data/guest/get_login.php Line=357 : Good login, User [admin] found
2020-06-30 08:15:19 ::1 User=admin@localhost Script=/Users/etchouamou/GitHub/camaroes/system/load_user_data.php  Line=472 : User [admin@localhost ] find and Authorized, New Session id=91377b619c489155d9c2207e262817f6
2020-06-30 08:15:19 ::1 User=admin@localhost Script=/Users/etchouamou/GitHub/camaroes/system/load_user_data.php  Line=473 :  connect succefull ! Group=admin
2020-06-30 08:45:19 ::1 User=guest@localhost Script=/Users/etchouamou/GitHub/camaroes/get_data/guest/get_login.php Line=357 : Good login, User [admin] found
2020-06-30 08:45:19 ::1 User=admin@localhost Script=/Users/etchouamou/GitHub/camaroes/system/load_user_data.php  Line=472 : User [admin@localhost ] find and Authorized, New Session id=91377b619c489155d9c2207e262817f6
2020-06-30 08:45:19 ::1 User=admin@localhost Script=/Users/etchouamou/GitHub/camaroes/system/load_user_data.php  Line=473 :  connect succefull ! Group=admin
2020-06-30 09:15:20 ::1 User=guest@localhost Script=/Users/etchouamou/GitHub/camaroes/get_data/guest/get_login.php Line=357 : Good login, User [admin] found
2020-06-30 09:15:20 ::1 User=admin@localhost Script=/Users/etchouamou/GitHub/camaroes/system/load_user_data.php  Line=472 : User [admin@localhost ] find and Authorized, New Session id=91377b619c489155d9c2207e262817f6
2020-06-30 09:15:20 ::1 User=admin@localhost Script=/Users/etchouamou/GitHub/camaroes/system/load_user_data.php  Line=473 :  connect succefull ! Group=admin
2020-06-30 09:45:20 ::1 User=guest@localhost Script=/Users/etchouamou/GitHub/camaroes/get_data/guest/get_login.php Line=357 : Good login, User [admin] found
2020-06-30 09:45:20 ::1 User=admin@localhost Script=/Users/etchouamou/GitHub/camaroes/system/load_user_data.php  Line=472 : User [admin@localhost ] find and Authorized, New Session id=91377b619c489155d9c2207e262817f6
2020-06-30 09:45:20 ::1 User=admin@localhost Script=/Users/etchouamou/GitHub/camaroes/system/load_user_data.php  Line=473 :  connect succefull ! Group=admin
2020-06-30 10:15:21 ::1 User=guest@localhost Script=/Users/etchouamou/GitHub/camaroes/get_data/guest/get_login.php Line=357 : Good login, User [admin] found
2020-06-30 10:15:21 ::1 User=admin@localhost Script=/Users/etchouamou/GitHub/camaroes/system/load_user_data.php  Line=472 : User [admin@localhost ] find and Authorized, New Session id=91377b619c489155d9c2207e262817f6
2020-06-30 10:15:21 ::1 User=admin@localhost Script=/Users/etchouamou/GitHub/camaroes/system/load_user_data.php  Line=473 :  connect succefull ! Group=admin
2020-06-30 10:17:37 ::1 User=guest@localhost Script=/Users/etchouamou/GitHub/camaroes/get_data/guest/get_login.php Line=357 : Good login, User [admin] found
2020-06-30 10:17:37 ::1 User=admin@localhost Script=/Users/etchouamou/GitHub/camaroes/system/load_user_data.php  Line=472 : User [admin@localhost ] find and Authorized, New Session id=91377b619c489155d9c2207e262817f6
2020-06-30 10:17:37 ::1 User=admin@localhost Script=/Users/etchouamou/GitHub/camaroes/system/load_user_data.php  Line=473 :  connect succefull ! Group=admin
2020-06-30 10:17:44 ::1 User=guest@localhost Script=/Users/etchouamou/GitHub/camaroes/get_data/guest/get_login.php Line=357 : Good login, User [admin] found
2020-06-30 10:17:44 ::1 User=admin@localhost Script=/Users/etchouamou/GitHub/camaroes/system/load_user_data.php  Line=472 : User [admin@localhost ] find and Authorized, New Session id=91377b619c489155d9c2207e262817f6
2020-06-30 10:17:44 ::1 User=admin@localhost Script=/Users/etchouamou/GitHub/camaroes/system/load_user_data.php  Line=473 :  connect succefull ! Group=admin
2020-06-30 10:17:50 ::1 User=guest@localhost Script=/Users/etchouamou/GitHub/camaroes/get_data/guest/get_login.php Line=357 : Good login, User [admin] found
2020-06-30 10:17:50 ::1 User=admin@localhost Script=/Users/etchouamou/GitHub/camaroes/system/load_user_data.php  Line=472 : User [admin@localhost ] find and Authorized, New Session id=91377b619c489155d9c2207e262817f6
2020-06-30 10:17:50 ::1 User=admin@localhost Script=/Users/etchouamou/GitHub/camaroes/system/load_user_data.php  Line=473 :  connect succefull ! Group=admin
2020-06-30 10:17:53 ::1 User=guest@localhost Script=/Users/etchouamou/GitHub/camaroes/get_data/guest/get_login.php Line=357 : Good login, User [admin] found
2020-06-30 10:17:53 ::1 User=admin@localhost Script=/Users/etchouamou/GitHub/camaroes/system/load_user_data.php  Line=472 : User [admin@localhost ] find and Authorized, New Session id=91377b619c489155d9c2207e262817f6
2020-06-30 10:17:53 ::1 User=admin@localhost Script=/Users/etchouamou/GitHub/camaroes/system/load_user_data.php  Line=473 :  connect succefull ! Group=admin
2020-06-30 10:18:03 ::1 User=guest@localhost Script=/Users/etchouamou/GitHub/camaroes/get_data/guest/get_login.php Line=357 : Good login, User [admin] found
2020-06-30 10:18:03 ::1 User=admin@localhost Script=/Users/etchouamou/GitHub/camaroes/system/load_user_data.php  Line=472 : User [admin@localhost ] find and Authorized, New Session id=91377b619c489155d9c2207e262817f6
2020-06-30 10:18:03 ::1 User=admin@localhost Script=/Users/etchouamou/GitHub/camaroes/system/load_user_data.php  Line=473 :  connect succefull ! Group=admin
2020-06-30 10:18:12 ::1 User=guest@localhost Script=/Users/etchouamou/GitHub/camaroes/get_data/guest/get_login.php Line=357 : Good login, User [admin] found
2020-06-30 10:18:12 ::1 User=admin@localhost Script=/Users/etchouamou/GitHub/camaroes/system/load_user_data.php  Line=472 : User [admin@localhost ] find and Authorized, New Session id=91377b619c489155d9c2207e262817f6
2020-06-30 10:18:12 ::1 User=admin@localhost Script=/Users/etchouamou/GitHub/camaroes/system/load_user_data.php  Line=473 :  connect succefull ! Group=admin
2020-06-30 10:18:13 ::1 User=guest@localhost Script=/Users/etchouamou/GitHub/camaroes/get_data/guest/get_login.php Line=357 : Good login, User [admin] found
2020-06-30 10:18:13 ::1 User=admin@localhost Script=/Users/etchouamou/GitHub/camaroes/system/load_user_data.php  Line=472 : User [admin@localhost ] find and Authorized, New Session id=91377b619c489155d9c2207e262817f6
2020-06-30 10:18:13 ::1 User=admin@localhost Script=/Users/etchouamou/GitHub/camaroes/system/load_user_data.php  Line=473 :  connect succefull ! Group=admin
2020-06-30 10:18:14 ::1 User=guest@localhost Script=/Users/etchouamou/GitHub/camaroes/get_data/guest/get_login.php Line=357 : Good login, User [admin] found
2020-06-30 10:18:14 ::1 User=admin@localhost Script=/Users/etchouamou/GitHub/camaroes/system/load_user_data.php  Line=472 : User [admin@localhost ] find and Authorized, New Session id=91377b619c489155d9c2207e262817f6
2020-06-30 10:18:14 ::1 User=admin@localhost Script=/Users/etchouamou/GitHub/camaroes/system/load_user_data.php  Line=473 :  connect succefull ! Group=admin
2020-06-30 10:18:15 ::1 User=guest@localhost Script=/Users/etchouamou/GitHub/camaroes/get_data/guest/get_login.php Line=357 : Good login, User [admin] found
2020-06-30 10:18:15 ::1 User=admin@localhost Script=/Users/etchouamou/GitHub/camaroes/system/load_user_data.php  Line=472 : User [admin@localhost ] find and Authorized, New Session id=91377b619c489155d9c2207e262817f6
2020-06-30 10:18:15 ::1 User=admin@localhost Script=/Users/etchouamou/GitHub/camaroes/system/load_user_data.php  Line=473 :  connect succefull ! Group=admin
2020-06-30 10:18:17 ::1 User=guest@localhost Script=/Users/etchouamou/GitHub/camaroes/get_data/guest/get_login.php Line=357 : Good login, User [admin] found
2020-06-30 10:18:17 ::1 User=admin@localhost Script=/Users/etchouamou/GitHub/camaroes/system/load_user_data.php  Line=472 : User [admin@localhost ] find and Authorized, New Session id=91377b619c489155d9c2207e262817f6
2020-06-30 10:18:17 ::1 User=admin@localhost Script=/Users/etchouamou/GitHub/camaroes/system/load_user_data.php  Line=473 :  connect succefull ! Group=admin
2020-06-30 10:18:24 ::1 User=guest@localhost Script=/Users/etchouamou/GitHub/camaroes/get_data/guest/get_login.php Line=357 : Good login, User [admin] found
2020-06-30 10:18:24 ::1 User=admin@localhost Script=/Users/etchouamou/GitHub/camaroes/system/load_user_data.php  Line=472 : User [admin@localhost ] find and Authorized, New Session id=91377b619c489155d9c2207e262817f6
2020-06-30 10:18:24 ::1 User=admin@localhost Script=/Users/etchouamou/GitHub/camaroes/system/load_user_data.php  Line=473 :  connect succefull ! Group=admin
2020-06-30 10:18:26 ::1 User=guest@localhost Script=/Users/etchouamou/GitHub/camaroes/get_data/guest/get_login.php Line=357 : Good login, User [admin] found
2020-06-30 10:18:26 ::1 User=admin@localhost Script=/Users/etchouamou/GitHub/camaroes/system/load_user_data.php  Line=472 : User [admin@localhost ] find and Authorized, New Session id=91377b619c489155d9c2207e262817f6
2020-06-30 10:18:26 ::1 User=admin@localhost Script=/Users/etchouamou/GitHub/camaroes/system/load_user_data.php  Line=473 :  connect succefull ! Group=admin
2020-06-30 10:18:28 ::1 User=guest@localhost Script=/Users/etchouamou/GitHub/camaroes/get_data/guest/get_login.php Line=357 : Good login, User [admin] found
2020-06-30 10:18:28 ::1 User=admin@localhost Script=/Users/etchouamou/GitHub/camaroes/system/load_user_data.php  Line=472 : User [admin@localhost ] find and Authorized, New Session id=91377b619c489155d9c2207e262817f6
2020-06-30 10:18:28 ::1 User=admin@localhost Script=/Users/etchouamou/GitHub/camaroes/system/load_user_data.php  Line=473 :  connect succefull ! Group=admin
2020-06-30 10:18:29 ::1 User=guest@localhost Script=/Users/etchouamou/GitHub/camaroes/get_data/guest/get_login.php Line=357 : Good login, User [admin] found
2020-06-30 10:18:29 ::1 User=admin@localhost Script=/Users/etchouamou/GitHub/camaroes/system/load_user_data.php  Line=472 : User [admin@localhost ] find and Authorized, New Session id=91377b619c489155d9c2207e262817f6
2020-06-30 10:18:29 ::1 User=admin@localhost Script=/Users/etchouamou/GitHub/camaroes/system/load_user_data.php  Line=473 :  connect succefull ! Group=admin
2020-06-30 10:18:31 ::1 User=guest@localhost Script=/Users/etchouamou/GitHub/camaroes/get_data/guest/get_login.php Line=357 : Good login, User [admin] found
2020-06-30 10:18:31 ::1 User=admin@localhost Script=/Users/etchouamou/GitHub/camaroes/system/load_user_data.php  Line=472 : User [admin@localhost ] find and Authorized, New Session id=91377b619c489155d9c2207e262817f6
2020-06-30 10:18:31 ::1 User=admin@localhost Script=/Users/etchouamou/GitHub/camaroes/system/load_user_data.php  Line=473 :  connect succefull ! Group=admin
2020-06-30 10:18:36 ::1 User=guest@localhost Script=/Users/etchouamou/GitHub/camaroes/get_data/guest/get_login.php Line=357 : Good login, User [admin] found
2020-06-30 10:18:36 ::1 User=admin@localhost Script=/Users/etchouamou/GitHub/camaroes/system/load_user_data.php  Line=472 : User [admin@localhost ] find and Authorized, New Session id=91377b619c489155d9c2207e262817f6
2020-06-30 10:18:36 ::1 User=admin@localhost Script=/Users/etchouamou/GitHub/camaroes/system/load_user_data.php  Line=473 :  connect succefull ! Group=admin
2020-06-30 10:18:44 ::1 User=guest@localhost Script=/Users/etchouamou/GitHub/camaroes/get_data/guest/get_login.php Line=357 : Good login, User [admin] found
2020-06-30 10:18:44 ::1 User=admin@localhost Script=/Users/etchouamou/GitHub/camaroes/system/load_user_data.php  Line=472 : User [admin@localhost ] find and Authorized, New Session id=91377b619c489155d9c2207e262817f6
2020-06-30 10:18:44 ::1 User=admin@localhost Script=/Users/etchouamou/GitHub/camaroes/system/load_user_data.php  Line=473 :  connect succefull ! Group=admin
2020-06-30 10:18:45 ::1 User=guest@localhost Script=/Users/etchouamou/GitHub/camaroes/get_data/guest/get_login.php Line=357 : Good login, User [admin] found
2020-06-30 10:18:45 ::1 User=admin@localhost Script=/Users/etchouamou/GitHub/camaroes/system/load_user_data.php  Line=472 : User [admin@localhost ] find and Authorized, New Session id=91377b619c489155d9c2207e262817f6
2020-06-30 10:18:45 ::1 User=admin@localhost Script=/Users/etchouamou/GitHub/camaroes/system/load_user_data.php  Line=473 :  connect succefull ! Group=admin
2020-06-30 10:18:46 ::1 User=guest@localhost Script=/Users/etchouamou/GitHub/camaroes/get_data/guest/get_login.php Line=357 : Good login, User [admin] found
2020-06-30 10:18:46 ::1 User=admin@localhost Script=/Users/etchouamou/GitHub/camaroes/system/load_user_data.php  Line=472 : User [admin@localhost ] find and Authorized, New Session id=91377b619c489155d9c2207e262817f6
2020-06-30 10:18:46 ::1 User=admin@localhost Script=/Users/etchouamou/GitHub/camaroes/system/load_user_data.php  Line=473 :  connect succefull ! Group=admin
2020-06-30 10:18:48 ::1 User=guest@localhost Script=/Users/etchouamou/GitHub/camaroes/get_data/guest/get_login.php Line=357 : Good login, User [admin] found
2020-06-30 10:18:48 ::1 User=admin@localhost Script=/Users/etchouamou/GitHub/camaroes/system/load_user_data.php  Line=472 : User [admin@localhost ] find and Authorized, New Session id=91377b619c489155d9c2207e262817f6
2020-06-30 10:18:48 ::1 User=admin@localhost Script=/Users/etchouamou/GitHub/camaroes/system/load_user_data.php  Line=473 :  connect succefull ! Group=admin
2020-06-30 10:18:50 ::1 User=guest@localhost Script=/Users/etchouamou/GitHub/camaroes/get_data/guest/get_login.php Line=357 : Good login, User [admin] found
2020-06-30 10:18:50 ::1 User=admin@localhost Script=/Users/etchouamou/GitHub/camaroes/system/load_user_data.php  Line=472 : User [admin@localhost ] find and Authorized, New Session id=91377b619c489155d9c2207e262817f6
2020-06-30 10:18:50 ::1 User=admin@localhost Script=/Users/etchouamou/GitHub/camaroes/system/load_user_data.php  Line=473 :  connect succefull ! Group=admin
2020-06-30 10:18:50 ::1 User=guest@localhost Script=/Users/etchouamou/GitHub/camaroes/get_data/guest/get_login.php Line=357 : Good login, User [admin] found
2020-06-30 10:18:50 ::1 User=admin@localhost Script=/Users/etchouamou/GitHub/camaroes/system/load_user_data.php  Line=472 : User [admin@localhost ] find and Authorized, New Session id=91377b619c489155d9c2207e262817f6
2020-06-30 10:18:50 ::1 User=admin@localhost Script=/Users/etchouamou/GitHub/camaroes/system/load_user_data.php  Line=473 :  connect succefull ! Group=admin
2020-06-30 10:18:52 ::1 User=guest@localhost Script=/Users/etchouamou/GitHub/camaroes/get_data/guest/get_login.php Line=357 : Good login, User [admin] found
2020-06-30 10:18:52 ::1 User=admin@localhost Script=/Users/etchouamou/GitHub/camaroes/system/load_user_data.php  Line=472 : User [admin@localhost ] find and Authorized, New Session id=91377b619c489155d9c2207e262817f6
2020-06-30 10:18:52 ::1 User=admin@localhost Script=/Users/etchouamou/GitHub/camaroes/system/load_user_data.php  Line=473 :  connect succefull ! Group=admin
2020-06-30 10:18:53 ::1 User=guest@localhost Script=/Users/etchouamou/GitHub/camaroes/get_data/guest/get_login.php Line=357 : Good login, User [admin] found
2020-06-30 10:18:53 ::1 User=admin@localhost Script=/Users/etchouamou/GitHub/camaroes/system/load_user_data.php  Line=472 : User [admin@localhost ] find and Authorized, New Session id=91377b619c489155d9c2207e262817f6
2020-06-30 10:18:53 ::1 User=admin@localhost Script=/Users/etchouamou/GitHub/camaroes/system/load_user_data.php  Line=473 :  connect succefull ! Group=admin
2020-06-30 10:18:54 ::1 User=guest@localhost Script=/Users/etchouamou/GitHub/camaroes/get_data/guest/get_login.php Line=357 : Good login, User [admin] found
2020-06-30 10:18:54 ::1 User=admin@localhost Script=/Users/etchouamou/GitHub/camaroes/system/load_user_data.php  Line=472 : User [admin@localhost ] find and Authorized, New Session id=91377b619c489155d9c2207e262817f6
2020-06-30 10:18:54 ::1 User=admin@localhost Script=/Users/etchouamou/GitHub/camaroes/system/load_user_data.php  Line=473 :  connect succefull ! Group=admin
2020-06-30 10:18:55 ::1 User=guest@localhost Script=/Users/etchouamou/GitHub/camaroes/get_data/guest/get_login.php Line=357 : Good login, User [admin] found
2020-06-30 10:18:55 ::1 User=admin@localhost Script=/Users/etchouamou/GitHub/camaroes/system/load_user_data.php  Line=472 : User [admin@localhost ] find and Authorized, New Session id=91377b619c489155d9c2207e262817f6
2020-06-30 10:18:55 ::1 User=admin@localhost Script=/Users/etchouamou/GitHub/camaroes/system/load_user_data.php  Line=473 :  connect succefull ! Group=admin
2020-06-30 10:18:56 ::1 User=guest@localhost Script=/Users/etchouamou/GitHub/camaroes/get_data/guest/get_login.php Line=357 : Good login, User [admin] found
2020-06-30 10:18:56 ::1 User=admin@localhost Script=/Users/etchouamou/GitHub/camaroes/system/load_user_data.php  Line=472 : User [admin@localhost ] find and Authorized, New Session id=91377b619c489155d9c2207e262817f6
2020-06-30 10:18:56 ::1 User=admin@localhost Script=/Users/etchouamou/GitHub/camaroes/system/load_user_data.php  Line=473 :  connect succefull ! Group=admin
2020-06-30 10:18:58 ::1 User=guest@localhost Script=/Users/etchouamou/GitHub/camaroes/get_data/guest/get_login.php Line=357 : Good login, User [admin] found
2020-06-30 10:18:58 ::1 User=admin@localhost Script=/Users/etchouamou/GitHub/camaroes/system/load_user_data.php  Line=472 : User [admin@localhost ] find and Authorized, New Session id=91377b619c489155d9c2207e262817f6
2020-06-30 10:18:58 ::1 User=admin@localhost Script=/Users/etchouamou/GitHub/camaroes/system/load_user_data.php  Line=473 :  connect succefull ! Group=admin
2020-06-30 10:18:59 ::1 User=guest@localhost Script=/Users/etchouamou/GitHub/camaroes/get_data/guest/get_login.php Line=357 : Good login, User [admin] found
2020-06-30 10:18:59 ::1 User=admin@localhost Script=/Users/etchouamou/GitHub/camaroes/system/load_user_data.php  Line=472 : User [admin@localhost ] find and Authorized, New Session id=91377b619c489155d9c2207e262817f6
2020-06-30 10:18:59 ::1 User=admin@localhost Script=/Users/etchouamou/GitHub/camaroes/system/load_user_data.php  Line=473 :  connect succefull ! Group=admin
2020-06-30 10:19:03 ::1 User=guest@localhost Script=/Users/etchouamou/GitHub/camaroes/get_data/guest/get_login.php Line=357 : Good login, User [admin] found
2020-06-30 10:19:03 ::1 User=admin@localhost Script=/Users/etchouamou/GitHub/camaroes/system/load_user_data.php  Line=472 : User [admin@localhost ] find and Authorized, New Session id=91377b619c489155d9c2207e262817f6
2020-06-30 10:19:03 ::1 User=admin@localhost Script=/Users/etchouamou/GitHub/camaroes/system/load_user_data.php  Line=473 :  connect succefull ! Group=admin
2020-06-30 10:19:52 ::1 User=guest@localhost Script=/Users/etchouamou/GitHub/camaroes/get_data/guest/get_login.php Line=357 : Good login, User [admin] found
2020-06-30 10:19:52 ::1 User=admin@localhost Script=/Users/etchouamou/GitHub/camaroes/system/load_user_data.php  Line=472 : User [admin@localhost ] find and Authorized, New Session id=91377b619c489155d9c2207e262817f6
2020-06-30 10:19:52 ::1 User=admin@localhost Script=/Users/etchouamou/GitHub/camaroes/system/load_user_data.php  Line=473 :  connect succefull ! Group=admin
2020-06-30 10:19:55 ::1 User=guest@localhost Script=/Users/etchouamou/GitHub/camaroes/get_data/guest/get_login.php Line=357 : Good login, User [admin] found
2020-06-30 10:19:55 ::1 User=admin@localhost Script=/Users/etchouamou/GitHub/camaroes/system/load_user_data.php  Line=472 : User [admin@localhost ] find and Authorized, New Session id=91377b619c489155d9c2207e262817f6
2020-06-30 10:19:55 ::1 User=admin@localhost Script=/Users/etchouamou/GitHub/camaroes/system/load_user_data.php  Line=473 :  connect succefull ! Group=admin
2020-06-30 10:20:01 ::1 User=guest@localhost Script=/Users/etchouamou/GitHub/camaroes/get_data/guest/get_login.php Line=357 : Good login, User [admin] found
2020-06-30 10:20:01 ::1 User=admin@localhost Script=/Users/etchouamou/GitHub/camaroes/system/load_user_data.php  Line=472 : User [admin@localhost ] find and Authorized, New Session id=91377b619c489155d9c2207e262817f6
2020-06-30 10:20:01 ::1 User=admin@localhost Script=/Users/etchouamou/GitHub/camaroes/system/load_user_data.php  Line=473 :  connect succefull ! Group=admin
2020-06-30 10:20:44 ::1 User=guest@localhost Script=/Users/etchouamou/GitHub/camaroes/get_data/guest/get_login.php Line=357 : Good login, User [admin] found
2020-06-30 10:20:44 ::1 User=admin@localhost Script=/Users/etchouamou/GitHub/camaroes/system/load_user_data.php  Line=472 : User [admin@localhost ] find and Authorized, New Session id=91377b619c489155d9c2207e262817f6
2020-06-30 10:20:44 ::1 User=admin@localhost Script=/Users/etchouamou/GitHub/camaroes/system/load_user_data.php  Line=473 :  connect succefull ! Group=admin
2020-06-30 10:20:48 ::1 User=guest@localhost Script=/Users/etchouamou/GitHub/camaroes/get_data/guest/get_login.php Line=357 : Good login, User [admin] found
2020-06-30 10:20:48 ::1 User=admin@localhost Script=/Users/etchouamou/GitHub/camaroes/system/load_user_data.php  Line=472 : User [admin@localhost ] find and Authorized, New Session id=91377b619c489155d9c2207e262817f6
2020-06-30 10:20:48 ::1 User=admin@localhost Script=/Users/etchouamou/GitHub/camaroes/system/load_user_data.php  Line=473 :  connect succefull ! Group=admin
2020-06-30 10:20:53 ::1 User=guest@localhost Script=/Users/etchouamou/GitHub/camaroes/get_data/guest/get_login.php Line=357 : Good login, User [admin] found
2020-06-30 10:20:53 ::1 User=admin@localhost Script=/Users/etchouamou/GitHub/camaroes/system/load_user_data.php  Line=472 : User [admin@localhost ] find and Authorized, New Session id=91377b619c489155d9c2207e262817f6
2020-06-30 10:20:53 ::1 User=admin@localhost Script=/Users/etchouamou/GitHub/camaroes/system/load_user_data.php  Line=473 :  connect succefull ! Group=admin
2020-06-30 10:20:56 ::1 User=guest@localhost Script=/Users/etchouamou/GitHub/camaroes/get_data/guest/get_login.php Line=357 : Good login, User [admin] found
2020-06-30 10:20:56 ::1 User=admin@localhost Script=/Users/etchouamou/GitHub/camaroes/system/load_user_data.php  Line=472 : User [admin@localhost ] find and Authorized, New Session id=91377b619c489155d9c2207e262817f6
2020-06-30 10:20:56 ::1 User=admin@localhost Script=/Users/etchouamou/GitHub/camaroes/system/load_user_data.php  Line=473 :  connect succefull ! Group=admin
2020-06-30 10:20:58 ::1 User=guest@localhost Script=/Users/etchouamou/GitHub/camaroes/get_data/guest/get_login.php Line=357 : Good login, User [admin] found
2020-06-30 10:20:58 ::1 User=admin@localhost Script=/Users/etchouamou/GitHub/camaroes/system/load_user_data.php  Line=472 : User [admin@localhost ] find and Authorized, New Session id=91377b619c489155d9c2207e262817f6
2020-06-30 10:20:58 ::1 User=admin@localhost Script=/Users/etchouamou/GitHub/camaroes/system/load_user_data.php  Line=473 :  connect succefull ! Group=admin
2020-06-30 10:21:02 ::1 User=guest@localhost Script=/Users/etchouamou/GitHub/camaroes/get_data/guest/get_login.php Line=357 : Good login, User [admin] found
2020-06-30 10:21:02 ::1 User=admin@localhost Script=/Users/etchouamou/GitHub/camaroes/system/load_user_data.php  Line=472 : User [admin@localhost ] find and Authorized, New Session id=91377b619c489155d9c2207e262817f6
2020-06-30 10:21:02 ::1 User=admin@localhost Script=/Users/etchouamou/GitHub/camaroes/system/load_user_data.php  Line=473 :  connect succefull ! Group=admin
2020-06-30 10:21:04 ::1 User=guest@localhost Script=/Users/etchouamou/GitHub/camaroes/get_data/guest/get_login.php Line=357 : Good login, User [admin] found
2020-06-30 10:21:04 ::1 User=admin@localhost Script=/Users/etchouamou/GitHub/camaroes/system/load_user_data.php  Line=472 : User [admin@localhost ] find and Authorized, New Session id=91377b619c489155d9c2207e262817f6
2020-06-30 10:21:04 ::1 User=admin@localhost Script=/Users/etchouamou/GitHub/camaroes/system/load_user_data.php  Line=473 :  connect succefull ! Group=admin
2020-06-30 10:21:08 ::1 User=guest@localhost Script=/Users/etchouamou/GitHub/camaroes/get_data/guest/get_login.php Line=357 : Good login, User [admin] found
2020-06-30 10:21:08 ::1 User=admin@localhost Script=/Users/etchouamou/GitHub/camaroes/system/load_user_data.php  Line=472 : User [admin@localhost ] find and Authorized, New Session id=91377b619c489155d9c2207e262817f6
2020-06-30 10:21:08 ::1 User=admin@localhost Script=/Users/etchouamou/GitHub/camaroes/system/load_user_data.php  Line=473 :  connect succefull ! Group=admin
2020-06-30 10:21:10 ::1 User=guest@localhost Script=/Users/etchouamou/GitHub/camaroes/get_data/guest/get_login.php Line=357 : Good login, User [admin] found
2020-06-30 10:21:10 ::1 User=admin@localhost Script=/Users/etchouamou/GitHub/camaroes/system/load_user_data.php  Line=472 : User [admin@localhost ] find and Authorized, New Session id=91377b619c489155d9c2207e262817f6
2020-06-30 10:21:10 ::1 User=admin@localhost Script=/Users/etchouamou/GitHub/camaroes/system/load_user_data.php  Line=473 :  connect succefull ! Group=admin
2020-06-30 10:23:00 ::1 User=guest@localhost Script=/Users/etchouamou/GitHub/camaroes/get_data/guest/get_login.php Line=357 : Good login, User [admin] found
2020-06-30 10:23:00 ::1 User=admin@localhost Script=/Users/etchouamou/GitHub/camaroes/system/load_user_data.php  Line=472 : User [admin@localhost ] find and Authorized, New Session id=91377b619c489155d9c2207e262817f6
2020-06-30 10:23:00 ::1 User=admin@localhost Script=/Users/etchouamou/GitHub/camaroes/system/load_user_data.php  Line=473 :  connect succefull ! Group=admin
2020-06-30 10:24:29 ::1 User=guest@localhost Script=/Users/etchouamou/GitHub/camaroes/get_data/guest/get_login.php Line=357 : Good login, User [admin] found
2020-06-30 10:24:29 ::1 User=admin@localhost Script=/Users/etchouamou/GitHub/camaroes/system/load_user_data.php  Line=472 : User [admin@localhost ] find and Authorized, New Session id=91377b619c489155d9c2207e262817f6
2020-06-30 10:24:29 ::1 User=admin@localhost Script=/Users/etchouamou/GitHub/camaroes/system/load_user_data.php  Line=473 :  connect succefull ! Group=admin
2020-06-30 10:24:47 ::1 User=guest@localhost Script=/Users/etchouamou/GitHub/camaroes/get_data/guest/get_login.php Line=357 : Good login, User [admin] found
2020-06-30 10:24:47 ::1 User=admin@localhost Script=/Users/etchouamou/GitHub/camaroes/system/load_user_data.php  Line=472 : User [admin@localhost ] find and Authorized, New Session id=91377b619c489155d9c2207e262817f6
2020-06-30 10:24:47 ::1 User=admin@localhost Script=/Users/etchouamou/GitHub/camaroes/system/load_user_data.php  Line=473 :  connect succefull ! Group=admin
2020-06-30 10:24:49 ::1 User=guest@localhost Script=/Users/etchouamou/GitHub/camaroes/get_data/guest/get_login.php Line=357 : Good login, User [admin] found
2020-06-30 10:24:49 ::1 User=admin@localhost Script=/Users/etchouamou/GitHub/camaroes/system/load_user_data.php  Line=472 : User [admin@localhost ] find and Authorized, New Session id=91377b619c489155d9c2207e262817f6
2020-06-30 10:24:49 ::1 User=admin@localhost Script=/Users/etchouamou/GitHub/camaroes/system/load_user_data.php  Line=473 :  connect succefull ! Group=admin
2020-06-30 10:24:52 ::1 User=guest@localhost Script=/Users/etchouamou/GitHub/camaroes/get_data/guest/get_login.php Line=357 : Good login, User [admin] found
2020-06-30 10:24:52 ::1 User=admin@localhost Script=/Users/etchouamou/GitHub/camaroes/system/load_user_data.php  Line=472 : User [admin@localhost ] find and Authorized, New Session id=91377b619c489155d9c2207e262817f6
2020-06-30 10:24:52 ::1 User=admin@localhost Script=/Users/etchouamou/GitHub/camaroes/system/load_user_data.php  Line=473 :  connect succefull ! Group=admin
2020-06-30 10:24:53 ::1 User=guest@localhost Script=/Users/etchouamou/GitHub/camaroes/get_data/guest/get_login.php Line=357 : Good login, User [admin] found
2020-06-30 10:24:53 ::1 User=admin@localhost Script=/Users/etchouamou/GitHub/camaroes/system/load_user_data.php  Line=472 : User [admin@localhost ] find and Authorized, New Session id=91377b619c489155d9c2207e262817f6
2020-06-30 10:24:53 ::1 User=admin@localhost Script=/Users/etchouamou/GitHub/camaroes/system/load_user_data.php  Line=473 :  connect succefull ! Group=admin
2020-06-30 10:24:54 ::1 User=guest@localhost Script=/Users/etchouamou/GitHub/camaroes/get_data/guest/get_login.php Line=357 : Good login, User [admin] found
2020-06-30 10:24:54 ::1 User=admin@localhost Script=/Users/etchouamou/GitHub/camaroes/system/load_user_data.php  Line=472 : User [admin@localhost ] find and Authorized, New Session id=91377b619c489155d9c2207e262817f6
2020-06-30 10:24:54 ::1 User=admin@localhost Script=/Users/etchouamou/GitHub/camaroes/system/load_user_data.php  Line=473 :  connect succefull ! Group=admin
2020-06-30 10:24:55 ::1 User=guest@localhost Script=/Users/etchouamou/GitHub/camaroes/get_data/guest/get_login.php Line=357 : Good login, User [admin] found
2020-06-30 10:24:55 ::1 User=admin@localhost Script=/Users/etchouamou/GitHub/camaroes/system/load_user_data.php  Line=472 : User [admin@localhost ] find and Authorized, New Session id=91377b619c489155d9c2207e262817f6
2020-06-30 10:24:55 ::1 User=admin@localhost Script=/Users/etchouamou/GitHub/camaroes/system/load_user_data.php  Line=473 :  connect succefull ! Group=admin
2020-06-30 10:24:57 ::1 User=guest@localhost Script=/Users/etchouamou/GitHub/camaroes/get_data/guest/get_login.php Line=357 : Good login, User [admin] found
2020-06-30 10:24:57 ::1 User=admin@localhost Script=/Users/etchouamou/GitHub/camaroes/system/load_user_data.php  Line=472 : User [admin@localhost ] find and Authorized, New Session id=91377b619c489155d9c2207e262817f6
2020-06-30 10:24:57 ::1 User=admin@localhost Script=/Users/etchouamou/GitHub/camaroes/system/load_user_data.php  Line=473 :  connect succefull ! Group=admin
2020-06-30 10:24:58 ::1 User=guest@localhost Script=/Users/etchouamou/GitHub/camaroes/get_data/guest/get_login.php Line=357 : Good login, User [admin] found
2020-06-30 10:24:58 ::1 User=admin@localhost Script=/Users/etchouamou/GitHub/camaroes/system/load_user_data.php  Line=472 : User [admin@localhost ] find and Authorized, New Session id=91377b619c489155d9c2207e262817f6
2020-06-30 10:24:58 ::1 User=admin@localhost Script=/Users/etchouamou/GitHub/camaroes/system/load_user_data.php  Line=473 :  connect succefull ! Group=admin
2020-06-30 10:25:00 ::1 User=guest@localhost Script=/Users/etchouamou/GitHub/camaroes/get_data/guest/get_login.php Line=357 : Good login, User [admin] found
2020-06-30 10:25:00 ::1 User=admin@localhost Script=/Users/etchouamou/GitHub/camaroes/system/load_user_data.php  Line=472 : User [admin@localhost ] find and Authorized, New Session id=91377b619c489155d9c2207e262817f6
2020-06-30 10:25:00 ::1 User=admin@localhost Script=/Users/etchouamou/GitHub/camaroes/system/load_user_data.php  Line=473 :  connect succefull ! Group=admin
2020-06-30 10:25:14 ::1 User=guest@localhost Script=/Users/etchouamou/GitHub/camaroes/get_data/guest/get_login.php Line=357 : Good login, User [admin] found
2020-06-30 10:25:14 ::1 User=admin@localhost Script=/Users/etchouamou/GitHub/camaroes/system/load_user_data.php  Line=472 : User [admin@localhost ] find and Authorized, New Session id=91377b619c489155d9c2207e262817f6
2020-06-30 10:25:14 ::1 User=admin@localhost Script=/Users/etchouamou/GitHub/camaroes/system/load_user_data.php  Line=473 :  connect succefull ! Group=admin
2020-06-30 10:25:22 ::1 User=guest@localhost Script=/Users/etchouamou/GitHub/camaroes/get_data/guest/get_login.php Line=357 : Good login, User [admin] found
2020-06-30 10:25:22 ::1 User=admin@localhost Script=/Users/etchouamou/GitHub/camaroes/system/load_user_data.php  Line=472 : User [admin@localhost ] find and Authorized, New Session id=91377b619c489155d9c2207e262817f6
2020-06-30 10:25:22 ::1 User=admin@localhost Script=/Users/etchouamou/GitHub/camaroes/system/load_user_data.php  Line=473 :  connect succefull ! Group=admin
2020-06-30 10:25:30 ::1 User=guest@localhost Script=/Users/etchouamou/GitHub/camaroes/get_data/guest/get_login.php Line=357 : Good login, User [admin] found
2020-06-30 10:25:30 ::1 User=admin@localhost Script=/Users/etchouamou/GitHub/camaroes/system/load_user_data.php  Line=472 : User [admin@localhost ] find and Authorized, New Session id=91377b619c489155d9c2207e262817f6
2020-06-30 10:25:30 ::1 User=admin@localhost Script=/Users/etchouamou/GitHub/camaroes/system/load_user_data.php  Line=473 :  connect succefull ! Group=admin
2020-06-30 10:25:32 ::1 User=guest@localhost Script=/Users/etchouamou/GitHub/camaroes/get_data/guest/get_login.php Line=357 : Good login, User [admin] found
2020-06-30 10:25:32 ::1 User=admin@localhost Script=/Users/etchouamou/GitHub/camaroes/system/load_user_data.php  Line=472 : User [admin@localhost ] find and Authorized, New Session id=91377b619c489155d9c2207e262817f6
2020-06-30 10:25:32 ::1 User=admin@localhost Script=/Users/etchouamou/GitHub/camaroes/system/load_user_data.php  Line=473 :  connect succefull ! Group=admin
2020-06-30 10:25:34 ::1 User=guest@localhost Script=/Users/etchouamou/GitHub/camaroes/get_data/guest/get_login.php Line=357 : Good login, User [admin] found
2020-06-30 10:25:34 ::1 User=admin@localhost Script=/Users/etchouamou/GitHub/camaroes/system/load_user_data.php  Line=472 : User [admin@localhost ] find and Authorized, New Session id=91377b619c489155d9c2207e262817f6
2020-06-30 10:25:34 ::1 User=admin@localhost Script=/Users/etchouamou/GitHub/camaroes/system/load_user_data.php  Line=473 :  connect succefull ! Group=admin
2020-06-30 10:25:36 ::1 User=guest@localhost Script=/Users/etchouamou/GitHub/camaroes/get_data/guest/get_login.php Line=357 : Good login, User [admin] found
2020-06-30 10:25:36 ::1 User=admin@localhost Script=/Users/etchouamou/GitHub/camaroes/system/load_user_data.php  Line=472 : User [admin@localhost ] find and Authorized, New Session id=91377b619c489155d9c2207e262817f6
2020-06-30 10:25:36 ::1 User=admin@localhost Script=/Users/etchouamou/GitHub/camaroes/system/load_user_data.php  Line=473 :  connect succefull ! Group=admin
2020-06-30 10:25:37 ::1 User=guest@localhost Script=/Users/etchouamou/GitHub/camaroes/get_data/guest/get_login.php Line=357 : Good login, User [admin] found
2020-06-30 10:25:37 ::1 User=admin@localhost Script=/Users/etchouamou/GitHub/camaroes/system/load_user_data.php  Line=472 : User [admin@localhost ] find and Authorized, New Session id=91377b619c489155d9c2207e262817f6
2020-06-30 10:25:37 ::1 User=admin@localhost Script=/Users/etchouamou/GitHub/camaroes/system/load_user_data.php  Line=473 :  connect succefull ! Group=admin
2020-06-30 10:25:37 ::1 User=guest@localhost Script=/Users/etchouamou/GitHub/camaroes/get_data/guest/get_login.php Line=357 : Good login, User [admin] found
2020-06-30 10:25:37 ::1 User=admin@localhost Script=/Users/etchouamou/GitHub/camaroes/system/load_user_data.php  Line=472 : User [admin@localhost ] find and Authorized, New Session id=91377b619c489155d9c2207e262817f6
2020-06-30 10:25:37 ::1 User=admin@localhost Script=/Users/etchouamou/GitHub/camaroes/system/load_user_data.php  Line=473 :  connect succefull ! Group=admin
2020-06-30 10:25:38 ::1 User=guest@localhost Script=/Users/etchouamou/GitHub/camaroes/get_data/guest/get_login.php Line=357 : Good login, User [admin] found
2020-06-30 10:25:38 ::1 User=admin@localhost Script=/Users/etchouamou/GitHub/camaroes/system/load_user_data.php  Line=472 : User [admin@localhost ] find and Authorized, New Session id=91377b619c489155d9c2207e262817f6
2020-06-30 10:25:38 ::1 User=admin@localhost Script=/Users/etchouamou/GitHub/camaroes/system/load_user_data.php  Line=473 :  connect succefull ! Group=admin
2020-06-30 10:25:39 ::1 User=guest@localhost Script=/Users/etchouamou/GitHub/camaroes/get_data/guest/get_login.php Line=357 : Good login, User [admin] found
2020-06-30 10:25:39 ::1 User=admin@localhost Script=/Users/etchouamou/GitHub/camaroes/system/load_user_data.php  Line=472 : User [admin@localhost ] find and Authorized, New Session id=91377b619c489155d9c2207e262817f6
2020-06-30 10:25:39 ::1 User=admin@localhost Script=/Users/etchouamou/GitHub/camaroes/system/load_user_data.php  Line=473 :  connect succefull ! Group=admin
2020-06-30 10:25:40 ::1 User=guest@localhost Script=/Users/etchouamou/GitHub/camaroes/get_data/guest/get_login.php Line=357 : Good login, User [admin] found
2020-06-30 10:25:40 ::1 User=admin@localhost Script=/Users/etchouamou/GitHub/camaroes/system/load_user_data.php  Line=472 : User [admin@localhost ] find and Authorized, New Session id=91377b619c489155d9c2207e262817f6
2020-06-30 10:25:40 ::1 User=admin@localhost Script=/Users/etchouamou/GitHub/camaroes/system/load_user_data.php  Line=473 :  connect succefull ! Group=admin
2020-06-30 10:25:41 ::1 User=guest@localhost Script=/Users/etchouamou/GitHub/camaroes/get_data/guest/get_login.php Line=357 : Good login, User [admin] found
2020-06-30 10:25:41 ::1 User=admin@localhost Script=/Users/etchouamou/GitHub/camaroes/system/load_user_data.php  Line=472 : User [admin@localhost ] find and Authorized, New Session id=91377b619c489155d9c2207e262817f6
2020-06-30 10:25:41 ::1 User=admin@localhost Script=/Users/etchouamou/GitHub/camaroes/system/load_user_data.php  Line=473 :  connect succefull ! Group=admin
2020-06-30 10:25:43 ::1 User=guest@localhost Script=/Users/etchouamou/GitHub/camaroes/get_data/guest/get_login.php Line=357 : Good login, User [admin] found
2020-06-30 10:25:43 ::1 User=admin@localhost Script=/Users/etchouamou/GitHub/camaroes/system/load_user_data.php  Line=472 : User [admin@localhost ] find and Authorized, New Session id=91377b619c489155d9c2207e262817f6
2020-06-30 10:25:43 ::1 User=admin@localhost Script=/Users/etchouamou/GitHub/camaroes/system/load_user_data.php  Line=473 :  connect succefull ! Group=admin
2020-06-30 10:25:44 ::1 User=guest@localhost Script=/Users/etchouamou/GitHub/camaroes/get_data/guest/get_login.php Line=357 : Good login, User [admin] found
2020-06-30 10:25:44 ::1 User=admin@localhost Script=/Users/etchouamou/GitHub/camaroes/system/load_user_data.php  Line=472 : User [admin@localhost ] find and Authorized, New Session id=91377b619c489155d9c2207e262817f6
2020-06-30 10:25:44 ::1 User=admin@localhost Script=/Users/etchouamou/GitHub/camaroes/system/load_user_data.php  Line=473 :  connect succefull ! Group=admin
2020-06-30 10:25:45 ::1 User=guest@localhost Script=/Users/etchouamou/GitHub/camaroes/get_data/guest/get_login.php Line=357 : Good login, User [admin] found
2020-06-30 10:25:45 ::1 User=admin@localhost Script=/Users/etchouamou/GitHub/camaroes/system/load_user_data.php  Line=472 : User [admin@localhost ] find and Authorized, New Session id=91377b619c489155d9c2207e262817f6
2020-06-30 10:25:45 ::1 User=admin@localhost Script=/Users/etchouamou/GitHub/camaroes/system/load_user_data.php  Line=473 :  connect succefull ! Group=admin
2020-06-30 10:25:50 ::1 User=guest@localhost Script=/Users/etchouamou/GitHub/camaroes/get_data/guest/get_login.php Line=357 : Good login, User [admin] found
2020-06-30 10:25:50 ::1 User=admin@localhost Script=/Users/etchouamou/GitHub/camaroes/system/load_user_data.php  Line=472 : User [admin@localhost ] find and Authorized, New Session id=91377b619c489155d9c2207e262817f6
2020-06-30 10:25:50 ::1 User=admin@localhost Script=/Users/etchouamou/GitHub/camaroes/system/load_user_data.php  Line=473 :  connect succefull ! Group=admin
2020-06-30 10:25:51 ::1 User=guest@localhost Script=/Users/etchouamou/GitHub/camaroes/get_data/guest/get_login.php Line=357 : Good login, User [admin] found
2020-06-30 10:25:51 ::1 User=admin@localhost Script=/Users/etchouamou/GitHub/camaroes/system/load_user_data.php  Line=472 : User [admin@localhost ] find and Authorized, New Session id=91377b619c489155d9c2207e262817f6
2020-06-30 10:25:51 ::1 User=admin@localhost Script=/Users/etchouamou/GitHub/camaroes/system/load_user_data.php  Line=473 :  connect succefull ! Group=admin
2020-06-30 10:25:53 ::1 User=guest@localhost Script=/Users/etchouamou/GitHub/camaroes/get_data/guest/get_login.php Line=357 : Good login, User [admin] found
2020-06-30 10:25:53 ::1 User=admin@localhost Script=/Users/etchouamou/GitHub/camaroes/system/load_user_data.php  Line=472 : User [admin@localhost ] find and Authorized, New Session id=91377b619c489155d9c2207e262817f6
2020-06-30 10:25:53 ::1 User=admin@localhost Script=/Users/etchouamou/GitHub/camaroes/system/load_user_data.php  Line=473 :  connect succefull ! Group=admin
2020-06-30 10:25:56 ::1 User=guest@localhost Script=/Users/etchouamou/GitHub/camaroes/get_data/guest/get_login.php Line=357 : Good login, User [admin] found
2020-06-30 10:25:56 ::1 User=admin@localhost Script=/Users/etchouamou/GitHub/camaroes/system/load_user_data.php  Line=472 : User [admin@localhost ] find and Authorized, New Session id=91377b619c489155d9c2207e262817f6
2020-06-30 10:25:56 ::1 User=admin@localhost Script=/Users/etchouamou/GitHub/camaroes/system/load_user_data.php  Line=473 :  connect succefull ! Group=admin
2020-06-30 10:25:59 ::1 User=guest@localhost Script=/Users/etchouamou/GitHub/camaroes/get_data/guest/get_login.php Line=357 : Good login, User [admin] found
2020-06-30 10:25:59 ::1 User=admin@localhost Script=/Users/etchouamou/GitHub/camaroes/system/load_user_data.php  Line=472 : User [admin@localhost ] find and Authorized, New Session id=91377b619c489155d9c2207e262817f6
2020-06-30 10:25:59 ::1 User=admin@localhost Script=/Users/etchouamou/GitHub/camaroes/system/load_user_data.php  Line=473 :  connect succefull ! Group=admin
2020-06-30 10:26:05 ::1 User=guest@localhost Script=/Users/etchouamou/GitHub/camaroes/get_data/guest/get_login.php Line=357 : Good login, User [admin] found
2020-06-30 10:26:05 ::1 User=admin@localhost Script=/Users/etchouamou/GitHub/camaroes/system/load_user_data.php  Line=472 : User [admin@localhost ] find and Authorized, New Session id=91377b619c489155d9c2207e262817f6
2020-06-30 10:26:05 ::1 User=admin@localhost Script=/Users/etchouamou/GitHub/camaroes/system/load_user_data.php  Line=473 :  connect succefull ! Group=admin
2020-06-30 10:56:06 ::1 User=guest@localhost Script=/Users/etchouamou/GitHub/camaroes/get_data/guest/get_login.php Line=357 : Good login, User [admin] found
2020-06-30 10:56:06 ::1 User=admin@localhost Script=/Users/etchouamou/GitHub/camaroes/system/load_user_data.php  Line=472 : User [admin@localhost ] find and Authorized, New Session id=91377b619c489155d9c2207e262817f6
2020-06-30 10:56:06 ::1 User=admin@localhost Script=/Users/etchouamou/GitHub/camaroes/system/load_user_data.php  Line=473 :  connect succefull ! Group=admin
2020-06-30 11:26:06 ::1 User=guest@localhost Script=/Users/etchouamou/GitHub/camaroes/get_data/guest/get_login.php Line=357 : Good login, User [admin] found
2020-06-30 11:26:06 ::1 User=admin@localhost Script=/Users/etchouamou/GitHub/camaroes/system/load_user_data.php  Line=472 : User [admin@localhost ] find and Authorized, New Session id=91377b619c489155d9c2207e262817f6
2020-06-30 11:26:06 ::1 User=admin@localhost Script=/Users/etchouamou/GitHub/camaroes/system/load_user_data.php  Line=473 :  connect succefull ! Group=admin
2020-06-30 11:56:07 ::1 User=guest@localhost Script=/Users/etchouamou/GitHub/camaroes/get_data/guest/get_login.php Line=357 : Good login, User [admin] found
2020-06-30 11:56:07 ::1 User=admin@localhost Script=/Users/etchouamou/GitHub/camaroes/system/load_user_data.php  Line=472 : User [admin@localhost ] find and Authorized, New Session id=91377b619c489155d9c2207e262817f6
2020-06-30 11:56:07 ::1 User=admin@localhost Script=/Users/etchouamou/GitHub/camaroes/system/load_user_data.php  Line=473 :  connect succefull ! Group=admin
2020-06-30 12:26:07 ::1 User=guest@localhost Script=/Users/etchouamou/GitHub/camaroes/get_data/guest/get_login.php Line=357 : Good login, User [admin] found
2020-06-30 12:26:07 ::1 User=admin@localhost Script=/Users/etchouamou/GitHub/camaroes/system/load_user_data.php  Line=472 : User [admin@localhost ] find and Authorized, New Session id=91377b619c489155d9c2207e262817f6
2020-06-30 12:26:07 ::1 User=admin@localhost Script=/Users/etchouamou/GitHub/camaroes/system/load_user_data.php  Line=473 :  connect succefull ! Group=admin
2020-06-30 12:56:08 ::1 User=guest@localhost Script=/Users/etchouamou/GitHub/camaroes/get_data/guest/get_login.php Line=357 : Good login, User [admin] found
2020-06-30 12:56:08 ::1 User=admin@localhost Script=/Users/etchouamou/GitHub/camaroes/system/load_user_data.php  Line=472 : User [admin@localhost ] find and Authorized, New Session id=91377b619c489155d9c2207e262817f6
2020-06-30 12:56:08 ::1 User=admin@localhost Script=/Users/etchouamou/GitHub/camaroes/system/load_user_data.php  Line=473 :  connect succefull ! Group=admin
2020-06-30 13:26:08 ::1 User=guest@localhost Script=/Users/etchouamou/GitHub/camaroes/get_data/guest/get_login.php Line=357 : Good login, User [admin] found
2020-06-30 13:26:08 ::1 User=admin@localhost Script=/Users/etchouamou/GitHub/camaroes/system/load_user_data.php  Line=472 : User [admin@localhost ] find and Authorized, New Session id=91377b619c489155d9c2207e262817f6
2020-06-30 13:26:08 ::1 User=admin@localhost Script=/Users/etchouamou/GitHub/camaroes/system/load_user_data.php  Line=473 :  connect succefull ! Group=admin
2020-06-30 13:56:08 ::1 User=guest@localhost Script=/Users/etchouamou/GitHub/camaroes/get_data/guest/get_login.php Line=357 : Good login, User [admin] found
2020-06-30 13:56:08 ::1 User=admin@localhost Script=/Users/etchouamou/GitHub/camaroes/system/load_user_data.php  Line=472 : User [admin@localhost ] find and Authorized, New Session id=91377b619c489155d9c2207e262817f6
2020-06-30 13:56:08 ::1 User=admin@localhost Script=/Users/etchouamou/GitHub/camaroes/system/load_user_data.php  Line=473 :  connect succefull ! Group=admin
2020-06-30 14:26:09 ::1 User=guest@localhost Script=/Users/etchouamou/GitHub/camaroes/get_data/guest/get_login.php Line=357 : Good login, User [admin] found
2020-06-30 14:26:09 ::1 User=admin@localhost Script=/Users/etchouamou/GitHub/camaroes/system/load_user_data.php  Line=472 : User [admin@localhost ] find and Authorized, New Session id=91377b619c489155d9c2207e262817f6
2020-06-30 14:26:09 ::1 User=admin@localhost Script=/Users/etchouamou/GitHub/camaroes/system/load_user_data.php  Line=473 :  connect succefull ! Group=admin
2020-06-30 14:56:09 ::1 User=guest@localhost Script=/Users/etchouamou/GitHub/camaroes/get_data/guest/get_login.php Line=357 : Good login, User [admin] found
2020-06-30 14:56:09 ::1 User=admin@localhost Script=/Users/etchouamou/GitHub/camaroes/system/load_user_data.php  Line=472 : User [admin@localhost ] find and Authorized, New Session id=91377b619c489155d9c2207e262817f6
2020-06-30 14:56:09 ::1 User=admin@localhost Script=/Users/etchouamou/GitHub/camaroes/system/load_user_data.php  Line=473 :  connect succefull ! Group=admin
2020-06-30 15:26:10 ::1 User=guest@localhost Script=/Users/etchouamou/GitHub/camaroes/get_data/guest/get_login.php Line=357 : Good login, User [admin] found
2020-06-30 15:26:10 ::1 User=admin@localhost Script=/Users/etchouamou/GitHub/camaroes/system/load_user_data.php  Line=472 : User [admin@localhost ] find and Authorized, New Session id=91377b619c489155d9c2207e262817f6
2020-06-30 15:26:10 ::1 User=admin@localhost Script=/Users/etchouamou/GitHub/camaroes/system/load_user_data.php  Line=473 :  connect succefull ! Group=admin
2020-06-30 15:56:11 ::1 User=guest@localhost Script=/Users/etchouamou/GitHub/camaroes/get_data/guest/get_login.php Line=357 : Good login, User [admin] found
2020-06-30 15:56:11 ::1 User=admin@localhost Script=/Users/etchouamou/GitHub/camaroes/system/load_user_data.php  Line=472 : User [admin@localhost ] find and Authorized, New Session id=91377b619c489155d9c2207e262817f6
2020-06-30 15:56:11 ::1 User=admin@localhost Script=/Users/etchouamou/GitHub/camaroes/system/load_user_data.php  Line=473 :  connect succefull ! Group=admin
2020-06-30 16:26:11 ::1 User=guest@localhost Script=/Users/etchouamou/GitHub/camaroes/get_data/guest/get_login.php Line=357 : Good login, User [admin] found
2020-06-30 16:26:11 ::1 User=admin@localhost Script=/Users/etchouamou/GitHub/camaroes/system/load_user_data.php  Line=472 : User [admin@localhost ] find and Authorized, New Session id=91377b619c489155d9c2207e262817f6
2020-06-30 16:26:11 ::1 User=admin@localhost Script=/Users/etchouamou/GitHub/camaroes/system/load_user_data.php  Line=473 :  connect succefull ! Group=admin
2020-06-30 16:56:12 ::1 User=guest@localhost Script=/Users/etchouamou/GitHub/camaroes/get_data/guest/get_login.php Line=357 : Good login, User [admin] found
2020-06-30 16:56:12 ::1 User=admin@localhost Script=/Users/etchouamou/GitHub/camaroes/system/load_user_data.php  Line=472 : User [admin@localhost ] find and Authorized, New Session id=91377b619c489155d9c2207e262817f6
2020-06-30 16:56:12 ::1 User=admin@localhost Script=/Users/etchouamou/GitHub/camaroes/system/load_user_data.php  Line=473 :  connect succefull ! Group=admin
2020-06-30 17:26:12 ::1 User=guest@localhost Script=/Users/etchouamou/GitHub/camaroes/get_data/guest/get_login.php Line=357 : Good login, User [admin] found
2020-06-30 17:26:12 ::1 User=admin@localhost Script=/Users/etchouamou/GitHub/camaroes/system/load_user_data.php  Line=472 : User [admin@localhost ] find and Authorized, New Session id=91377b619c489155d9c2207e262817f6
2020-06-30 17:26:12 ::1 User=admin@localhost Script=/Users/etchouamou/GitHub/camaroes/system/load_user_data.php  Line=473 :  connect succefull ! Group=admin
2020-06-30 17:56:12 ::1 User=guest@localhost Script=/Users/etchouamou/GitHub/camaroes/get_data/guest/get_login.php Line=357 : Good login, User [admin] found
2020-06-30 17:56:12 ::1 User=admin@localhost Script=/Users/etchouamou/GitHub/camaroes/system/load_user_data.php  Line=472 : User [admin@localhost ] find and Authorized, New Session id=91377b619c489155d9c2207e262817f6
2020-06-30 17:56:12 ::1 User=admin@localhost Script=/Users/etchouamou/GitHub/camaroes/system/load_user_data.php  Line=473 :  connect succefull ! Group=admin
2020-06-30 18:26:13 ::1 User=guest@localhost Script=/Users/etchouamou/GitHub/camaroes/get_data/guest/get_login.php Line=357 : Good login, User [admin] found
2020-06-30 18:26:13 ::1 User=admin@localhost Script=/Users/etchouamou/GitHub/camaroes/system/load_user_data.php  Line=472 : User [admin@localhost ] find and Authorized, New Session id=91377b619c489155d9c2207e262817f6
2020-06-30 18:26:13 ::1 User=admin@localhost Script=/Users/etchouamou/GitHub/camaroes/system/load_user_data.php  Line=473 :  connect succefull ! Group=admin
2020-06-30 18:56:14 ::1 User=guest@localhost Script=/Users/etchouamou/GitHub/camaroes/get_data/guest/get_login.php Line=357 : Good login, User [admin] found
2020-06-30 18:56:14 ::1 User=admin@localhost Script=/Users/etchouamou/GitHub/camaroes/system/load_user_data.php  Line=472 : User [admin@localhost ] find and Authorized, New Session id=91377b619c489155d9c2207e262817f6
2020-06-30 18:56:14 ::1 User=admin@localhost Script=/Users/etchouamou/GitHub/camaroes/system/load_user_data.php  Line=473 :  connect succefull ! Group=admin
2020-06-30 19:26:14 ::1 User=guest@localhost Script=/Users/etchouamou/GitHub/camaroes/get_data/guest/get_login.php Line=357 : Good login, User [admin] found
2020-06-30 19:26:14 ::1 User=admin@localhost Script=/Users/etchouamou/GitHub/camaroes/system/load_user_data.php  Line=472 : User [admin@localhost ] find and Authorized, New Session id=91377b619c489155d9c2207e262817f6
2020-06-30 19:26:14 ::1 User=admin@localhost Script=/Users/etchouamou/GitHub/camaroes/system/load_user_data.php  Line=473 :  connect succefull ! Group=admin
2020-06-30 19:56:14 ::1 User=guest@localhost Script=/Users/etchouamou/GitHub/camaroes/get_data/guest/get_login.php Line=357 : Good login, User [admin] found
2020-06-30 19:56:14 ::1 User=admin@localhost Script=/Users/etchouamou/GitHub/camaroes/system/load_user_data.php  Line=472 : User [admin@localhost ] find and Authorized, New Session id=91377b619c489155d9c2207e262817f6
2020-06-30 19:56:14 ::1 User=admin@localhost Script=/Users/etchouamou/GitHub/camaroes/system/load_user_data.php  Line=473 :  connect succefull ! Group=admin
2020-06-30 20:26:15 ::1 User=guest@localhost Script=/Users/etchouamou/GitHub/camaroes/get_data/guest/get_login.php Line=357 : Good login, User [admin] found
2020-06-30 20:26:15 ::1 User=admin@localhost Script=/Users/etchouamou/GitHub/camaroes/system/load_user_data.php  Line=472 : User [admin@localhost ] find and Authorized, New Session id=91377b619c489155d9c2207e262817f6
2020-06-30 20:26:15 ::1 User=admin@localhost Script=/Users/etchouamou/GitHub/camaroes/system/load_user_data.php  Line=473 :  connect succefull ! Group=admin
2020-06-30 20:56:15 ::1 User=guest@localhost Script=/Users/etchouamou/GitHub/camaroes/get_data/guest/get_login.php Line=357 : Good login, User [admin] found
2020-06-30 20:56:15 ::1 User=admin@localhost Script=/Users/etchouamou/GitHub/camaroes/system/load_user_data.php  Line=472 : User [admin@localhost ] find and Authorized, New Session id=91377b619c489155d9c2207e262817f6
2020-06-30 20:56:15 ::1 User=admin@localhost Script=/Users/etchouamou/GitHub/camaroes/system/load_user_data.php  Line=473 :  connect succefull ! Group=admin
2020-06-30 21:26:16 ::1 User=guest@localhost Script=/Users/etchouamou/GitHub/camaroes/get_data/guest/get_login.php Line=357 : Good login, User [admin] found
2020-06-30 21:26:16 ::1 User=admin@localhost Script=/Users/etchouamou/GitHub/camaroes/system/load_user_data.php  Line=472 : User [admin@localhost ] find and Authorized, New Session id=91377b619c489155d9c2207e262817f6
2020-06-30 21:26:16 ::1 User=admin@localhost Script=/Users/etchouamou/GitHub/camaroes/system/load_user_data.php  Line=473 :  connect succefull ! Group=admin
2020-06-30 21:27:04 ::1 User=guest@localhost Script=/Users/etchouamou/GitHub/camaroes/get_data/guest/get_login.php Line=357 : Good login, User [admin] found
2020-06-30 21:27:04 ::1 User=admin@localhost Script=/Users/etchouamou/GitHub/camaroes/system/load_user_data.php  Line=472 : User [admin@localhost ] find and Authorized, New Session id=91377b619c489155d9c2207e262817f6
2020-06-30 21:27:04 ::1 User=admin@localhost Script=/Users/etchouamou/GitHub/camaroes/system/load_user_data.php  Line=473 :  connect succefull ! Group=admin
2020-06-30 21:27:07 ::1 User=guest@localhost Script=/Users/etchouamou/GitHub/camaroes/get_data/guest/get_login.php Line=357 : Good login, User [admin] found
2020-06-30 21:27:07 ::1 User=admin@localhost Script=/Users/etchouamou/GitHub/camaroes/system/load_user_data.php  Line=472 : User [admin@localhost ] find and Authorized, New Session id=91377b619c489155d9c2207e262817f6
2020-06-30 21:27:07 ::1 User=admin@localhost Script=/Users/etchouamou/GitHub/camaroes/system/load_user_data.php  Line=473 :  connect succefull ! Group=admin
2020-06-30 21:28:35 ::1 User=guest@localhost Script=/Users/etchouamou/GitHub/camaroes/get_data/guest/get_login.php Line=357 : Good login, User [admin] found
2020-06-30 21:28:35 ::1 User=admin@localhost Script=/Users/etchouamou/GitHub/camaroes/system/load_user_data.php  Line=472 : User [admin@localhost ] find and Authorized, New Session id=91377b619c489155d9c2207e262817f6
2020-06-30 21:28:35 ::1 User=admin@localhost Script=/Users/etchouamou/GitHub/camaroes/system/load_user_data.php  Line=473 :  connect succefull ! Group=admin
2020-06-30 22:08:18 ::1 User=guest@localhost Script=/Users/etchouamou/GitHub/camaroes/get_data/guest/get_login.php Line=357 : Good login, User [admin] found
2020-06-30 22:08:18 ::1 User=admin@localhost Script=/Users/etchouamou/GitHub/camaroes/system/load_user_data.php  Line=472 : User [admin@localhost ] find and Authorized, New Session id=91377b619c489155d9c2207e262817f6
2020-06-30 22:08:18 ::1 User=admin@localhost Script=/Users/etchouamou/GitHub/camaroes/system/load_user_data.php  Line=473 :  connect succefull ! Group=admin
2020-06-30 22:10:21 ::1 User=guest@localhost Script=/Users/etchouamou/GitHub/camaroes/get_data/guest/get_login.php Line=357 : Good login, User [admin] found
2020-06-30 22:10:21 ::1 User=admin@localhost Script=/Users/etchouamou/GitHub/camaroes/system/load_user_data.php  Line=472 : User [admin@localhost ] find and Authorized, New Session id=91377b619c489155d9c2207e262817f6
2020-06-30 22:10:21 ::1 User=admin@localhost Script=/Users/etchouamou/GitHub/camaroes/system/load_user_data.php  Line=473 :  connect succefull ! Group=admin
2020-06-30 22:12:20 ::1 User=guest@localhost Script=/Users/etchouamou/GitHub/camaroes/get_data/guest/get_login.php Line=357 : Good login, User [admin] found
2020-06-30 22:12:20 ::1 User=admin@localhost Script=/Users/etchouamou/GitHub/camaroes/system/load_user_data.php  Line=472 : User [admin@localhost ] find and Authorized, New Session id=91377b619c489155d9c2207e262817f6
2020-06-30 22:12:20 ::1 User=admin@localhost Script=/Users/etchouamou/GitHub/camaroes/system/load_user_data.php  Line=473 :  connect succefull ! Group=admin
2020-06-30 22:16:16 ::1 User=guest@localhost Script=/Users/etchouamou/GitHub/camaroes/get_data/guest/get_login.php Line=357 : Good login, User [admin] found
2020-06-30 22:16:16 ::1 User=admin@localhost Script=/Users/etchouamou/GitHub/camaroes/system/load_user_data.php  Line=472 : User [admin@localhost ] find and Authorized, New Session id=91377b619c489155d9c2207e262817f6
2020-06-30 22:16:16 ::1 User=admin@localhost Script=/Users/etchouamou/GitHub/camaroes/system/load_user_data.php  Line=473 :  connect succefull ! Group=admin
2020-06-30 22:17:00 ::1 User=guest@localhost Script=/Users/etchouamou/GitHub/camaroes/get_data/guest/get_login.php Line=357 : Good login, User [admin] found
2020-06-30 22:17:00 ::1 User=admin@localhost Script=/Users/etchouamou/GitHub/camaroes/system/load_user_data.php  Line=472 : User [admin@localhost ] find and Authorized, New Session id=91377b619c489155d9c2207e262817f6
2020-06-30 22:17:00 ::1 User=admin@localhost Script=/Users/etchouamou/GitHub/camaroes/system/load_user_data.php  Line=473 :  connect succefull ! Group=admin
2020-06-30 22:17:23 ::1 User=guest@localhost Script=/Users/etchouamou/GitHub/camaroes/get_data/guest/get_login.php Line=357 : Good login, User [admin] found
2020-06-30 22:17:23 ::1 User=admin@localhost Script=/Users/etchouamou/GitHub/camaroes/system/load_user_data.php  Line=472 : User [admin@localhost ] find and Authorized, New Session id=91377b619c489155d9c2207e262817f6
2020-06-30 22:17:23 ::1 User=admin@localhost Script=/Users/etchouamou/GitHub/camaroes/system/load_user_data.php  Line=473 :  connect succefull ! Group=admin
2020-06-30 22:18:46 ::1 User=guest@localhost Script=/Users/etchouamou/GitHub/camaroes/get_data/guest/get_login.php Line=357 : Good login, User [admin] found
2020-06-30 22:18:46 ::1 User=admin@localhost Script=/Users/etchouamou/GitHub/camaroes/system/load_user_data.php  Line=472 : User [admin@localhost ] find and Authorized, New Session id=91377b619c489155d9c2207e262817f6
2020-06-30 22:18:46 ::1 User=admin@localhost Script=/Users/etchouamou/GitHub/camaroes/system/load_user_data.php  Line=473 :  connect succefull ! Group=admin
2020-06-30 22:21:34 ::1 User=guest@localhost Script=/Users/etchouamou/GitHub/camaroes/get_data/guest/get_login.php Line=357 : Good login, User [admin] found
2020-06-30 22:21:34 ::1 User=admin@localhost Script=/Users/etchouamou/GitHub/camaroes/system/load_user_data.php  Line=472 : User [admin@localhost ] find and Authorized, New Session id=91377b619c489155d9c2207e262817f6
2020-06-30 22:21:34 ::1 User=admin@localhost Script=/Users/etchouamou/GitHub/camaroes/system/load_user_data.php  Line=473 :  connect succefull ! Group=admin
2020-06-30 22:22:22 ::1 User=guest@localhost Script=/Users/etchouamou/GitHub/camaroes/get_data/guest/get_login.php Line=357 : Good login, User [admin] found
2020-06-30 22:22:22 ::1 User=admin@localhost Script=/Users/etchouamou/GitHub/camaroes/system/load_user_data.php  Line=472 : User [admin@localhost ] find and Authorized, New Session id=91377b619c489155d9c2207e262817f6
2020-06-30 22:22:22 ::1 User=admin@localhost Script=/Users/etchouamou/GitHub/camaroes/system/load_user_data.php  Line=473 :  connect succefull ! Group=admin
2020-06-30 22:22:40 ::1 User=guest@localhost Script=/Users/etchouamou/GitHub/camaroes/get_data/guest/get_login.php Line=357 : Good login, User [admin] found
2020-06-30 22:22:40 ::1 User=admin@localhost Script=/Users/etchouamou/GitHub/camaroes/system/load_user_data.php  Line=472 : User [admin@localhost ] find and Authorized, New Session id=91377b619c489155d9c2207e262817f6
2020-06-30 22:22:40 ::1 User=admin@localhost Script=/Users/etchouamou/GitHub/camaroes/system/load_user_data.php  Line=473 :  connect succefull ! Group=admin
2020-06-30 22:53:01 ::1 User=guest@localhost Script=/Users/etchouamou/GitHub/camaroes/get_data/guest/get_login.php Line=357 : Good login, User [admin] found
2020-06-30 22:53:01 ::1 User=admin@localhost Script=/Users/etchouamou/GitHub/camaroes/system/load_user_data.php  Line=472 : User [admin@localhost ] find and Authorized, New Session id=91377b619c489155d9c2207e262817f6
2020-06-30 22:53:01 ::1 User=admin@localhost Script=/Users/etchouamou/GitHub/camaroes/system/load_user_data.php  Line=473 :  connect succefull ! Group=admin
2020-06-30 23:14:32 ::1 User=guest@localhost Script=/Users/etchouamou/GitHub/camaroes/get_data/guest/get_login.php Line=357 : Good login, User [admin] found
2020-06-30 23:14:32 ::1 User=admin@localhost Script=/Users/etchouamou/GitHub/camaroes/system/load_user_data.php  Line=472 : User [admin@localhost ] find and Authorized, New Session id=91377b619c489155d9c2207e262817f6
2020-06-30 23:14:32 ::1 User=admin@localhost Script=/Users/etchouamou/GitHub/camaroes/system/load_user_data.php  Line=473 :  connect succefull ! Group=admin
2020-06-30 23:14:32 ::1 User=admin@localhost Script=/Users/etchouamou/GitHub/camaroes/get_data/guest/get_default_data.php Line=437 : Exit Request Normaly
2020-06-30 23:14:34 ::1 User=guest@localhost Script=/Users/etchouamou/GitHub/camaroes/logout.php Line=77 : Logout for user:guest clean [ticket_read, message_read and cmr_session] session=df9860c0504d06283e4f41bf660bc796
2020-06-30 23:14:36 ::1 User=guest@localhost Script=/Users/etchouamou/GitHub/camaroes/logout.php Line=77 : Logout for user:guest clean [ticket_read, message_read and cmr_session] session=ca90a84eba2894ac078dda5612842782
2020-06-30 23:14:39 ::1 User=guest@localhost Script=/Users/etchouamou/GitHub/camaroes/logout.php Line=77 : Logout for user:guest clean [ticket_read, message_read and cmr_session] session=9ff9d9dc5cc1f791891c0cd821efa362
2020-06-30 23:26:25 ::1 User=guest@localhost Script=/Users/etchouamou/GitHub/camaroes/login.php Line=200 : Nomal form authentification 
2020-06-30 23:26:27 ::1 User=guest@localhost Script=/Users/etchouamou/GitHub/camaroes/get_data/guest/get_login.php Line=357 : Good login, User [admin] found
2020-06-30 23:26:27 ::1 User=admin@localhost Script=/Users/etchouamou/GitHub/camaroes/system/load_user_data.php  Line=472 : User [admin@localhost ] find and Authorized, New Session id=9ff9d9dc5cc1f791891c0cd821efa362
2020-06-30 23:26:27 ::1 User=admin@localhost Script=/Users/etchouamou/GitHub/camaroes/system/load_user_data.php  Line=473 :  connect succefull ! Group=admin
2020-06-30 23:26:38 ::1 User=guest@localhost Script=/Users/etchouamou/GitHub/camaroes/get_data/guest/get_login.php Line=357 : Good login, User [admin] found
2020-06-30 23:26:38 ::1 User=admin@localhost Script=/Users/etchouamou/GitHub/camaroes/system/load_user_data.php  Line=472 : User [admin@localhost ] find and Authorized, New Session id=9ff9d9dc5cc1f791891c0cd821efa362
2020-06-30 23:26:38 ::1 User=admin@localhost Script=/Users/etchouamou/GitHub/camaroes/system/load_user_data.php  Line=473 :  connect succefull ! Group=admin
2020-06-30 23:26:41 ::1 User=guest@localhost Script=/Users/etchouamou/GitHub/camaroes/get_data/guest/get_login.php Line=357 : Good login, User [admin] found
2020-06-30 23:26:41 ::1 User=admin@localhost Script=/Users/etchouamou/GitHub/camaroes/system/load_user_data.php  Line=472 : User [admin@localhost ] find and Authorized, New Session id=9ff9d9dc5cc1f791891c0cd821efa362
2020-06-30 23:26:41 ::1 User=admin@localhost Script=/Users/etchouamou/GitHub/camaroes/system/load_user_data.php  Line=473 :  connect succefull ! Group=admin
2020-06-30 23:26:41 ::1 User=admin@localhost Script=/Users/etchouamou/GitHub/camaroes/get_data/guest/get_default_data.php Line=437 : Exit Request Normaly
2020-06-30 23:26:42 ::1 User=guest@localhost Script=/Users/etchouamou/GitHub/camaroes/logout.php Line=77 : Logout for user:guest clean [ticket_read, message_read and cmr_session] session=998aac9fe9b0137120a7855beb4ac7d1
2020-06-30 23:37:41 ::1 User=guest@localhost Script=/Users/etchouamou/GitHub/camaroes/login.php Line=200 : Nomal form authentification 
2020-06-30 23:37:58 ::1 User=guest@localhost Script=/Users/etchouamou/GitHub/camaroes/logout.php Line=77 : Logout for user:guest clean [ticket_read, message_read and cmr_session] session=4a639bdae5b8dfc581cc72ab643cc67b
2020-06-30 23:38:07 ::1 User=guest@localhost Script=/Users/etchouamou/GitHub/camaroes/login.php Line=200 : Nomal form authentification 
2020-06-30 23:38:13 ::1 User=guest@localhost Script=/Users/etchouamou/GitHub/camaroes/login.php Line=200 : Nomal form authentification 
2020-06-30 23:38:26 ::1 User=guest@localhost Script=/Users/etchouamou/GitHub/camaroes/get_data/guest/get_login.php Line=357 : Good login, User [admin] found
2020-06-30 23:38:26 ::1 User=admin@localhost Script=/Users/etchouamou/GitHub/camaroes/system/load_user_data.php  Line=472 : User [admin@localhost ] find and Authorized, New Session id=4a639bdae5b8dfc581cc72ab643cc67b
2020-06-30 23:38:26 ::1 User=admin@localhost Script=/Users/etchouamou/GitHub/camaroes/system/load_user_data.php  Line=473 :  connect succefull ! Group=admin
2020-06-30 23:38:34 ::1 User=guest@localhost Script=/Users/etchouamou/GitHub/camaroes/get_data/guest/get_login.php Line=357 : Good login, User [admin] found
2020-06-30 23:38:34 ::1 User=admin@localhost Script=/Users/etchouamou/GitHub/camaroes/system/load_user_data.php  Line=472 : User [admin@localhost ] find and Authorized, New Session id=4a639bdae5b8dfc581cc72ab643cc67b
2020-06-30 23:38:34 ::1 User=admin@localhost Script=/Users/etchouamou/GitHub/camaroes/system/load_user_data.php  Line=473 :  connect succefull ! Group=admin
2020-06-30 23:38:43 ::1 User=guest@localhost Script=/Users/etchouamou/GitHub/camaroes/get_data/guest/get_login.php Line=357 : Good login, User [admin] found
2020-06-30 23:38:43 ::1 User=admin@localhost Script=/Users/etchouamou/GitHub/camaroes/system/load_user_data.php  Line=472 : User [admin@localhost ] find and Authorized, New Session id=4a639bdae5b8dfc581cc72ab643cc67b
2020-06-30 23:38:43 ::1 User=admin@localhost Script=/Users/etchouamou/GitHub/camaroes/system/load_user_data.php  Line=473 :  connect succefull ! Group=admin
2020-06-30 23:42:07 ::1 User=guest@localhost Script=/Users/etchouamou/GitHub/camaroes/get_data/guest/get_login.php Line=357 : Good login, User [admin] found
2020-06-30 23:42:07 ::1 User=admin@localhost Script=/Users/etchouamou/GitHub/camaroes/system/load_user_data.php  Line=472 : User [admin@localhost ] find and Authorized, New Session id=4a639bdae5b8dfc581cc72ab643cc67b
2020-06-30 23:42:07 ::1 User=admin@localhost Script=/Users/etchouamou/GitHub/camaroes/system/load_user_data.php  Line=473 :  connect succefull ! Group=admin
2020-06-30 23:42:09 ::1 User=guest@localhost Script=/Users/etchouamou/GitHub/camaroes/get_data/guest/get_login.php Line=357 : Good login, User [admin] found
2020-06-30 23:42:09 ::1 User=admin@localhost Script=/Users/etchouamou/GitHub/camaroes/system/load_user_data.php  Line=472 : User [admin@localhost ] find and Authorized, New Session id=4a639bdae5b8dfc581cc72ab643cc67b
2020-06-30 23:42:09 ::1 User=admin@localhost Script=/Users/etchouamou/GitHub/camaroes/system/load_user_data.php  Line=473 :  connect succefull ! Group=admin
2020-06-30 23:42:51 ::1 User=guest@localhost Script=/Users/etchouamou/GitHub/camaroes/get_data/guest/get_login.php Line=357 : Good login, User [admin] found
2020-06-30 23:42:51 ::1 User=admin@localhost Script=/Users/etchouamou/GitHub/camaroes/system/load_user_data.php  Line=472 : User [admin@localhost ] find and Authorized, New Session id=4a639bdae5b8dfc581cc72ab643cc67b
2020-06-30 23:42:51 ::1 User=admin@localhost Script=/Users/etchouamou/GitHub/camaroes/system/load_user_data.php  Line=473 :  connect succefull ! Group=admin
2020-06-30 23:42:52 ::1 User=guest@localhost Script=/Users/etchouamou/GitHub/camaroes/get_data/guest/get_login.php Line=357 : Good login, User [admin] found
2020-06-30 23:42:52 ::1 User=admin@localhost Script=/Users/etchouamou/GitHub/camaroes/system/load_user_data.php  Line=472 : User [admin@localhost ] find and Authorized, New Session id=4a639bdae5b8dfc581cc72ab643cc67b
2020-06-30 23:42:52 ::1 User=admin@localhost Script=/Users/etchouamou/GitHub/camaroes/system/load_user_data.php  Line=473 :  connect succefull ! Group=admin
2020-06-30 23:42:52 ::1 User=admin@localhost Script=/Users/etchouamou/GitHub/camaroes/get_data/guest/get_default_data.php Line=437 : Exit Request Normaly
2020-06-30 23:42:54 ::1 User=guest@localhost Script=/Users/etchouamou/GitHub/camaroes/logout.php Line=77 : Logout for user:guest clean [ticket_read, message_read and cmr_session] session=0958fe01cc71d4aad191d072da7b2471
2020-06-30 23:43:22 ::1 User=guest@localhost Script=/Users/etchouamou/GitHub/camaroes/logout.php Line=77 : Logout for user:guest clean [ticket_read, message_read and cmr_session] session=73367c7c027fc21d7df7328f4cfa92ad
